#
# There is insufficient memory for the Java Runtime Environment to continue.
# Native memory allocation (malloc) failed to allocate 32744 bytes for Chunk::new
# Possible reasons:
#   The system is out of physical RAM or swap space
#   The process is running with CompressedOops enabled, and the Java Heap may be blocking the growth of the native heap
# Possible solutions:
#   Reduce memory load on the system
#   Increase physical memory or swap space
#   Check if swap backing store is full
#   Decrease Java heap size (-Xmx/-Xms)
#   Decrease number of Java threads
#   Decrease Java thread stack sizes (-Xss)
#   Set larger code cache with -XX:ReservedCodeCacheSize=
#   JVM is running with Zero Based Compressed Oops mode in which the Java heap is
#     placed in the first 32GB address space. The Java Heap base address is the
#     maximum limit for the native heap growth. Please use -XX:HeapBaseMinAddress
#     to set the Java Heap base and to place the Java Heap above 32GB virtual address.
# This output file may be truncated or incomplete.
#
#  Out of Memory Error (arena.cpp:184), pid=22600, tid=2548
#
# JRE version: Java(TM) SE Runtime Environment (19.0.2+7) (build 19.0.2+7-44)
# Java VM: Java HotSpot(TM) 64-Bit Server VM (19.0.2+7-44, mixed mode, sharing, tiered, compressed oops, compressed class ptrs, g1 gc, windows-amd64)
# No core dump will be written. Minidumps are not enabled by default on client versions of Windows
#

---------------  S U M M A R Y ------------

Command Line: -javaagent:C:\Program Files\JetBrains\IntelliJ IDEA 2023.1.3\lib\idea_rt.jar=58455:C:\Program Files\JetBrains\IntelliJ IDEA 2023.1.3\bin -Dfile.encoding=UTF-8 -Dsun.stdout.encoding=UTF-8 -Dsun.stderr.encoding=UTF-8 --module-path=C:\Users\amin\.m2\repository\org\openjfx\javafx-base\19.0.2\javafx-base-19.0.2-win.jar;D:\Projects\dicom-albums-manager\Dicom-Albums-manager\target\classes;C:\Users\amin\.m2\repository\org\dcm4che\dcm4che-core\5.23.3\dcm4che-core-5.23.3.jar;C:\Users\amin\.m2\repository\org\openjfx\javafx-graphics\19.0.2\javafx-graphics-19.0.2-win.jar;C:\Users\amin\.m2\repository\org\openjfx\javafx-controls\19.0.2\javafx-controls-19.0.2-win.jar;C:\Users\amin\.m2\repository\org\json\json\20250107\json-20250107.jar;C:\Users\amin\.m2\repository\org\openjfx\javafx-fxml\19.0.2\javafx-fxml-19.0.2-win.jar -Djdk.module.main=com.chabiamin.dicomalbumsmanager com.chabiamin.dicomalbumsmanager/com.chabiamin.dicomalbumsmanager.HelloApplication

Host: Intel(R) Core(TM) i5-10300H CPU @ 2.50GHz, 8 cores, 15G,  Windows 11 , 64 bit Build 22621 (10.0.22621.4391)
Time: Thu Jan 16 14:27:50 2025 W. Central Africa Standard Time elapsed time: 12.084428 seconds (0d 0h 0m 12s)

---------------  T H R E A D  ---------------

Current thread (0x000001c262fd6720):  JavaThread "C1 CompilerThread0" daemon [_thread_in_native, id=2548, stack(0x0000001232700000,0x0000001232800000)]


Current CompileTask:
C1:  12084 2382       3       java.lang.Enum::compareTo (44 bytes)

Stack: [0x0000001232700000,0x0000001232800000]
Native frames: (J=compiled Java code, j=interpreted, Vv=VM code, C=native code)
V  [jvm.dll+0x6ee21a]
V  [jvm.dll+0x85765e]
V  [jvm.dll+0x85904e]
V  [jvm.dll+0x859703]
V  [jvm.dll+0x28298f]
V  [jvm.dll+0xc9adf]
V  [jvm.dll+0xc9e65]
V  [jvm.dll+0x17394f]
V  [jvm.dll+0x1733b5]
V  [jvm.dll+0x16ade5]
V  [jvm.dll+0x16d067]
V  [jvm.dll+0x16b675]
V  [jvm.dll+0x165590]
V  [jvm.dll+0x174ff6]
V  [jvm.dll+0x160bb0]
V  [jvm.dll+0x160f23]
V  [jvm.dll+0x161208]
V  [jvm.dll+0x160666]
V  [jvm.dll+0x16235d]
V  [jvm.dll+0x25b25a]
V  [jvm.dll+0x2596e8]
V  [jvm.dll+0x807588]
V  [jvm.dll+0x80125a]
V  [jvm.dll+0x6ecf0b]
C  [ucrtbase.dll+0x29333]
C  [KERNEL32.DLL+0x1259d]
C  [ntdll.dll+0x5af38]


---------------  P R O C E S S  ---------------

Threads class SMR info:
_java_thread_list=0x000001c267497900, length=21, elements={
0x000001c23fc59580, 0x000001c262fbeba0, 0x000001c262fbf890, 0x000001c262fc2690,
0x000001c262fc6440, 0x000001c262fc6d70, 0x000001c262fc76a0, 0x000001c262fcc320,
0x000001c262fd6720, 0x000001c262fd7490, 0x000001c2671fa7b0, 0x000001c2672267b0,
0x000001c26798c7f0, 0x000001c267cc1b50, 0x000001c267f1ce70, 0x000001c267f32790,
0x000001c267df8040, 0x000001c267df8590, 0x000001c267df8ae0, 0x000001c267dfa020,
0x000001c267c18d50
}

Java Threads: ( => current thread )
  0x000001c23fc59580 JavaThread "main" [_thread_blocked, id=10336, stack(0x0000001231900000,0x0000001231a00000)]
  0x000001c262fbeba0 JavaThread "Reference Handler" daemon [_thread_blocked, id=17528, stack(0x0000001232000000,0x0000001232100000)]
  0x000001c262fbf890 JavaThread "Finalizer" daemon [_thread_blocked, id=2456, stack(0x0000001232100000,0x0000001232200000)]
  0x000001c262fc2690 JavaThread "Signal Dispatcher" daemon [_thread_blocked, id=22976, stack(0x0000001232200000,0x0000001232300000)]
  0x000001c262fc6440 JavaThread "Attach Listener" daemon [_thread_blocked, id=22928, stack(0x0000001232300000,0x0000001232400000)]
  0x000001c262fc6d70 JavaThread "Service Thread" daemon [_thread_blocked, id=27064, stack(0x0000001232400000,0x0000001232500000)]
  0x000001c262fc76a0 JavaThread "Monitor Deflation Thread" daemon [_thread_blocked, id=24660, stack(0x0000001232500000,0x0000001232600000)]
  0x000001c262fcc320 JavaThread "C2 CompilerThread0" daemon [_thread_in_native, id=3756, stack(0x0000001232600000,0x0000001232700000)]
=>0x000001c262fd6720 JavaThread "C1 CompilerThread0" daemon [_thread_in_native, id=2548, stack(0x0000001232700000,0x0000001232800000)]
  0x000001c262fd7490 JavaThread "Sweeper thread" daemon [_thread_blocked, id=22580, stack(0x0000001232800000,0x0000001232900000)]
  0x000001c2671fa7b0 JavaThread "Common-Cleaner" daemon [_thread_blocked, id=3984, stack(0x0000001232900000,0x0000001232a00000)]
  0x000001c2672267b0 JavaThread "Monitor Ctrl-Break" daemon [_thread_in_native, id=26828, stack(0x0000001232c00000,0x0000001232d00000)]
  0x000001c26798c7f0 JavaThread "Notification Thread" daemon [_thread_blocked, id=13076, stack(0x0000001232d00000,0x0000001232e00000)]
  0x000001c267cc1b50 JavaThread "QuantumRenderer-0" daemon [_thread_blocked, id=8576, stack(0x0000001232f00000,0x0000001233000000)]
  0x000001c267f1ce70 JavaThread "InvokeLaterDispatcher" daemon [_thread_blocked, id=27548, stack(0x0000001232b00000,0x0000001232c00000)]
  0x000001c267f32790 JavaThread "JavaFX Application Thread" [_thread_in_vm, id=23876, stack(0x0000001233100000,0x0000001233200000)]
  0x000001c267df8040 JavaThread "JavaFX-Launcher" [_thread_blocked, id=16012, stack(0x0000001233310000,0x0000001233410000)]
  0x000001c267df8590 JavaThread "Thread-2" daemon [_thread_in_native, id=27456, stack(0x0000001232a00000,0x0000001232b00000)]
  0x000001c267df8ae0 JavaThread "Prism Font Disposer" daemon [_thread_blocked, id=13608, stack(0x0000001233e10000,0x0000001233f10000)]
  0x000001c267dfa020 JavaThread "Cleaner-0" daemon [_thread_blocked, id=26028, stack(0x0000001233f10000,0x0000001234010000)]
  0x000001c267c18d50 JavaThread "C2 CompilerThread1" daemon [_thread_in_native, id=22960, stack(0x0000001234120000,0x0000001234220000)]

Other Threads:
  0x000001c262fa28f0 VMThread "VM Thread" [stack: 0x0000001231f00000,0x0000001232000000] [id=15488]
  0x000001c2675ef3d0 WatcherThread "VM Periodic Task Thread" [stack: 0x0000001232e00000,0x0000001232f00000] [id=4052]
  0x000001c23fcca230 WorkerThread "GC Thread#0" [stack: 0x0000001231a00000,0x0000001231b00000] [id=20564]
  0x000001c268124690 WorkerThread "GC Thread#1" [stack: 0x0000001233410000,0x0000001233510000] [id=26860]
  0x000001c268123010 WorkerThread "GC Thread#2" [stack: 0x0000001233510000,0x0000001233610000] [id=25696]
  0x000001c268124f00 WorkerThread "GC Thread#3" [stack: 0x0000001233610000,0x0000001233710000] [id=11644]
  0x000001c268123e20 WorkerThread "GC Thread#4" [stack: 0x0000001233710000,0x0000001233810000] [id=15336]
  0x000001c2681213f0 WorkerThread "GC Thread#5" [stack: 0x0000001233810000,0x0000001233910000] [id=27396]
  0x000001c2681232e0 WorkerThread "GC Thread#6" [stack: 0x0000001233950000,0x0000001233a50000] [id=22912]
  0x000001c26752a720 WorkerThread "GC Thread#7" [stack: 0x0000001234020000,0x0000001234120000] [id=9800]
  0x000001c23d9dded0 ConcurrentGCThread "G1 Main Marker" [stack: 0x0000001231b00000,0x0000001231c00000] [id=1432]
  0x000001c23d9de900 WorkerThread "G1 Conc#0" [stack: 0x0000001231c00000,0x0000001231d00000] [id=4540]
  0x000001c23fd0e020 ConcurrentGCThread "G1 Refine#0" [stack: 0x0000001231d00000,0x0000001231e00000] [id=14672]
  0x000001c23fd0eb60 ConcurrentGCThread "G1 Service" [stack: 0x0000001231e00000,0x0000001231f00000] [id=24060]

Threads with active compile tasks:
C2 CompilerThread0    12107 2244       4       java.lang.invoke.MethodType::methodType (69 bytes)
C1 CompilerThread0    12107 2382       3       java.lang.Enum::compareTo (44 bytes)
C2 CompilerThread1    12107 2367       4       java.lang.invoke.MethodType::makeImpl (109 bytes)

VM state: not at safepoint (normal execution)

VM Mutex/Monitor currently owned by a thread:  ([mutex/lock_event])
[0x000001c23fc524d0] Metaspace_lock - owner thread: 0x000001c267f32790

Heap address: 0x0000000702800000, size: 4056 MB, Compressed Oops mode: Zero based, Oop shift amount: 3

CDS archive(s) mapped at: [0x0000000800000000-0x0000000800c40000-0x0000000800c40000), size 12845056, SharedBaseAddress: 0x0000000800000000, ArchiveRelocationMode: 0.
Compressed class space mapped at: 0x0000000801000000-0x0000000841000000, reserved size: 1073741824
Narrow klass base: 0x0000000800000000, Narrow klass shift: 0, Narrow klass range: 0x100000000

GC Precious Log:
 CardTable entry size: 512
 Card Set container configuration: InlinePtr #cards 4 size 8 Array Of Cards #cards 16 size 48 Howl #buckets 8 coarsen threshold 3686 Howl Bitmap #cards 512 size 80 coarsen threshold 460 Card regions per heap region 1 cards per card region 4096
 CPUs: 8 total, 8 available
 Memory: 16220M
 Large Page Support: Disabled
 NUMA Support: Disabled
 Compressed Oops: Enabled (Zero based)
 Heap Region Size: 2M
 Heap Min Capacity: 8M
 Heap Initial Capacity: 254M
 Heap Max Capacity: 4056M
 Pre-touch: Disabled
 Parallel Workers: 8
 Concurrent Workers: 2
 Concurrent Refinement Workers: 8
 Periodic GC: Disabled

Heap:
 garbage-first heap   total 260096K, used 15954K [0x0000000702800000, 0x0000000800000000)
  region size 2048K, 7 young (14336K), 3 survivors (6144K)
 Metaspace       used 16801K, committed 17152K, reserved 1114112K
  class space    used 2483K, committed 2688K, reserved 1048576K

Heap Regions: E=young(eden), S=young(survivor), O=old, HS=humongous(starts), HC=humongous(continues), CS=collection set, F=free, OA=open archive, CA=closed archive, TAMS=top-at-mark-start (previous, next)
|   0|0x0000000702800000, 0x0000000702a00000, 0x0000000702a00000|100%|HS|  |TAMS 0x0000000702800000, 0x0000000702800000| Complete 
|   1|0x0000000702a00000, 0x0000000702b94a00, 0x0000000702c00000| 79%| O|  |TAMS 0x0000000702a00000, 0x0000000702a00000| Untracked 
|   2|0x0000000702c00000, 0x0000000702c00000, 0x0000000702e00000|  0%| F|  |TAMS 0x0000000702c00000, 0x0000000702c00000| Untracked 
|   3|0x0000000702e00000, 0x0000000702e00000, 0x0000000703000000|  0%| F|  |TAMS 0x0000000702e00000, 0x0000000702e00000| Untracked 
|   4|0x0000000703000000, 0x0000000703000000, 0x0000000703200000|  0%| F|  |TAMS 0x0000000703000000, 0x0000000703000000| Untracked 
|   5|0x0000000703200000, 0x0000000703200000, 0x0000000703400000|  0%| F|  |TAMS 0x0000000703200000, 0x0000000703200000| Untracked 
|   6|0x0000000703400000, 0x0000000703400000, 0x0000000703600000|  0%| F|  |TAMS 0x0000000703400000, 0x0000000703400000| Untracked 
|   7|0x0000000703600000, 0x0000000703600000, 0x0000000703800000|  0%| F|  |TAMS 0x0000000703600000, 0x0000000703600000| Untracked 
|   8|0x0000000703800000, 0x0000000703800000, 0x0000000703a00000|  0%| F|  |TAMS 0x0000000703800000, 0x0000000703800000| Untracked 
|   9|0x0000000703a00000, 0x0000000703a00000, 0x0000000703c00000|  0%| F|  |TAMS 0x0000000703a00000, 0x0000000703a00000| Untracked 
|  10|0x0000000703c00000, 0x0000000703c00000, 0x0000000703e00000|  0%| F|  |TAMS 0x0000000703c00000, 0x0000000703c00000| Untracked 
|  11|0x0000000703e00000, 0x0000000703e00000, 0x0000000704000000|  0%| F|  |TAMS 0x0000000703e00000, 0x0000000703e00000| Untracked 
|  12|0x0000000704000000, 0x0000000704000000, 0x0000000704200000|  0%| F|  |TAMS 0x0000000704000000, 0x0000000704000000| Untracked 
|  13|0x0000000704200000, 0x0000000704200000, 0x0000000704400000|  0%| F|  |TAMS 0x0000000704200000, 0x0000000704200000| Untracked 
|  14|0x0000000704400000, 0x0000000704400000, 0x0000000704600000|  0%| F|  |TAMS 0x0000000704400000, 0x0000000704400000| Untracked 
|  15|0x0000000704600000, 0x0000000704600000, 0x0000000704800000|  0%| F|  |TAMS 0x0000000704600000, 0x0000000704600000| Untracked 
|  16|0x0000000704800000, 0x0000000704800000, 0x0000000704a00000|  0%| F|  |TAMS 0x0000000704800000, 0x0000000704800000| Untracked 
|  17|0x0000000704a00000, 0x0000000704a00000, 0x0000000704c00000|  0%| F|  |TAMS 0x0000000704a00000, 0x0000000704a00000| Untracked 
|  18|0x0000000704c00000, 0x0000000704c00000, 0x0000000704e00000|  0%| F|  |TAMS 0x0000000704c00000, 0x0000000704c00000| Untracked 
|  19|0x0000000704e00000, 0x0000000704e00000, 0x0000000705000000|  0%| F|  |TAMS 0x0000000704e00000, 0x0000000704e00000| Untracked 
|  20|0x0000000705000000, 0x0000000705000000, 0x0000000705200000|  0%| F|  |TAMS 0x0000000705000000, 0x0000000705000000| Untracked 
|  21|0x0000000705200000, 0x0000000705200000, 0x0000000705400000|  0%| F|  |TAMS 0x0000000705200000, 0x0000000705200000| Untracked 
|  22|0x0000000705400000, 0x0000000705400000, 0x0000000705600000|  0%| F|  |TAMS 0x0000000705400000, 0x0000000705400000| Untracked 
|  23|0x0000000705600000, 0x0000000705600000, 0x0000000705800000|  0%| F|  |TAMS 0x0000000705600000, 0x0000000705600000| Untracked 
|  24|0x0000000705800000, 0x0000000705800000, 0x0000000705a00000|  0%| F|  |TAMS 0x0000000705800000, 0x0000000705800000| Untracked 
|  25|0x0000000705a00000, 0x0000000705a00000, 0x0000000705c00000|  0%| F|  |TAMS 0x0000000705a00000, 0x0000000705a00000| Untracked 
|  26|0x0000000705c00000, 0x0000000705c00000, 0x0000000705e00000|  0%| F|  |TAMS 0x0000000705c00000, 0x0000000705c00000| Untracked 
|  27|0x0000000705e00000, 0x0000000705e00000, 0x0000000706000000|  0%| F|  |TAMS 0x0000000705e00000, 0x0000000705e00000| Untracked 
|  28|0x0000000706000000, 0x0000000706000000, 0x0000000706200000|  0%| F|  |TAMS 0x0000000706000000, 0x0000000706000000| Untracked 
|  29|0x0000000706200000, 0x0000000706200000, 0x0000000706400000|  0%| F|  |TAMS 0x0000000706200000, 0x0000000706200000| Untracked 
|  30|0x0000000706400000, 0x0000000706400000, 0x0000000706600000|  0%| F|  |TAMS 0x0000000706400000, 0x0000000706400000| Untracked 
|  31|0x0000000706600000, 0x0000000706600000, 0x0000000706800000|  0%| F|  |TAMS 0x0000000706600000, 0x0000000706600000| Untracked 
|  32|0x0000000706800000, 0x0000000706800000, 0x0000000706a00000|  0%| F|  |TAMS 0x0000000706800000, 0x0000000706800000| Untracked 
|  33|0x0000000706a00000, 0x0000000706a00000, 0x0000000706c00000|  0%| F|  |TAMS 0x0000000706a00000, 0x0000000706a00000| Untracked 
|  34|0x0000000706c00000, 0x0000000706c00000, 0x0000000706e00000|  0%| F|  |TAMS 0x0000000706c00000, 0x0000000706c00000| Untracked 
|  35|0x0000000706e00000, 0x0000000706e00000, 0x0000000707000000|  0%| F|  |TAMS 0x0000000706e00000, 0x0000000706e00000| Untracked 
|  36|0x0000000707000000, 0x0000000707000000, 0x0000000707200000|  0%| F|  |TAMS 0x0000000707000000, 0x0000000707000000| Untracked 
|  37|0x0000000707200000, 0x0000000707200000, 0x0000000707400000|  0%| F|  |TAMS 0x0000000707200000, 0x0000000707200000| Untracked 
|  38|0x0000000707400000, 0x0000000707400000, 0x0000000707600000|  0%| F|  |TAMS 0x0000000707400000, 0x0000000707400000| Untracked 
|  39|0x0000000707600000, 0x0000000707600000, 0x0000000707800000|  0%| F|  |TAMS 0x0000000707600000, 0x0000000707600000| Untracked 
|  40|0x0000000707800000, 0x0000000707800000, 0x0000000707a00000|  0%| F|  |TAMS 0x0000000707800000, 0x0000000707800000| Untracked 
|  41|0x0000000707a00000, 0x0000000707a00000, 0x0000000707c00000|  0%| F|  |TAMS 0x0000000707a00000, 0x0000000707a00000| Untracked 
|  42|0x0000000707c00000, 0x0000000707c00000, 0x0000000707e00000|  0%| F|  |TAMS 0x0000000707c00000, 0x0000000707c00000| Untracked 
|  43|0x0000000707e00000, 0x0000000707e00000, 0x0000000708000000|  0%| F|  |TAMS 0x0000000707e00000, 0x0000000707e00000| Untracked 
|  44|0x0000000708000000, 0x0000000708000000, 0x0000000708200000|  0%| F|  |TAMS 0x0000000708000000, 0x0000000708000000| Untracked 
|  45|0x0000000708200000, 0x0000000708200000, 0x0000000708400000|  0%| F|  |TAMS 0x0000000708200000, 0x0000000708200000| Untracked 
|  46|0x0000000708400000, 0x0000000708400000, 0x0000000708600000|  0%| F|  |TAMS 0x0000000708400000, 0x0000000708400000| Untracked 
|  47|0x0000000708600000, 0x0000000708600000, 0x0000000708800000|  0%| F|  |TAMS 0x0000000708600000, 0x0000000708600000| Untracked 
|  48|0x0000000708800000, 0x0000000708800000, 0x0000000708a00000|  0%| F|  |TAMS 0x0000000708800000, 0x0000000708800000| Untracked 
|  49|0x0000000708a00000, 0x0000000708a00000, 0x0000000708c00000|  0%| F|  |TAMS 0x0000000708a00000, 0x0000000708a00000| Untracked 
|  50|0x0000000708c00000, 0x0000000708c00000, 0x0000000708e00000|  0%| F|  |TAMS 0x0000000708c00000, 0x0000000708c00000| Untracked 
|  51|0x0000000708e00000, 0x0000000708e00000, 0x0000000709000000|  0%| F|  |TAMS 0x0000000708e00000, 0x0000000708e00000| Untracked 
|  52|0x0000000709000000, 0x0000000709000000, 0x0000000709200000|  0%| F|  |TAMS 0x0000000709000000, 0x0000000709000000| Untracked 
|  53|0x0000000709200000, 0x0000000709200000, 0x0000000709400000|  0%| F|  |TAMS 0x0000000709200000, 0x0000000709200000| Untracked 
|  54|0x0000000709400000, 0x0000000709400000, 0x0000000709600000|  0%| F|  |TAMS 0x0000000709400000, 0x0000000709400000| Untracked 
|  55|0x0000000709600000, 0x0000000709600000, 0x0000000709800000|  0%| F|  |TAMS 0x0000000709600000, 0x0000000709600000| Untracked 
|  56|0x0000000709800000, 0x0000000709800000, 0x0000000709a00000|  0%| F|  |TAMS 0x0000000709800000, 0x0000000709800000| Untracked 
|  57|0x0000000709a00000, 0x0000000709a00000, 0x0000000709c00000|  0%| F|  |TAMS 0x0000000709a00000, 0x0000000709a00000| Untracked 
|  58|0x0000000709c00000, 0x0000000709c00000, 0x0000000709e00000|  0%| F|  |TAMS 0x0000000709c00000, 0x0000000709c00000| Untracked 
|  59|0x0000000709e00000, 0x0000000709e00000, 0x000000070a000000|  0%| F|  |TAMS 0x0000000709e00000, 0x0000000709e00000| Untracked 
|  60|0x000000070a000000, 0x000000070a000000, 0x000000070a200000|  0%| F|  |TAMS 0x000000070a000000, 0x000000070a000000| Untracked 
|  61|0x000000070a200000, 0x000000070a200000, 0x000000070a400000|  0%| F|  |TAMS 0x000000070a200000, 0x000000070a200000| Untracked 
|  62|0x000000070a400000, 0x000000070a400000, 0x000000070a600000|  0%| F|  |TAMS 0x000000070a400000, 0x000000070a400000| Untracked 
|  63|0x000000070a600000, 0x000000070a600000, 0x000000070a800000|  0%| F|  |TAMS 0x000000070a600000, 0x000000070a600000| Untracked 
|  64|0x000000070a800000, 0x000000070a800000, 0x000000070aa00000|  0%| F|  |TAMS 0x000000070a800000, 0x000000070a800000| Untracked 
|  65|0x000000070aa00000, 0x000000070aa00000, 0x000000070ac00000|  0%| F|  |TAMS 0x000000070aa00000, 0x000000070aa00000| Untracked 
|  66|0x000000070ac00000, 0x000000070ac00000, 0x000000070ae00000|  0%| F|  |TAMS 0x000000070ac00000, 0x000000070ac00000| Untracked 
|  67|0x000000070ae00000, 0x000000070ae00000, 0x000000070b000000|  0%| F|  |TAMS 0x000000070ae00000, 0x000000070ae00000| Untracked 
|  68|0x000000070b000000, 0x000000070b000000, 0x000000070b200000|  0%| F|  |TAMS 0x000000070b000000, 0x000000070b000000| Untracked 
|  69|0x000000070b200000, 0x000000070b200000, 0x000000070b400000|  0%| F|  |TAMS 0x000000070b200000, 0x000000070b200000| Untracked 
|  70|0x000000070b400000, 0x000000070b400000, 0x000000070b600000|  0%| F|  |TAMS 0x000000070b400000, 0x000000070b400000| Untracked 
|  71|0x000000070b600000, 0x000000070b600000, 0x000000070b800000|  0%| F|  |TAMS 0x000000070b600000, 0x000000070b600000| Untracked 
|  72|0x000000070b800000, 0x000000070b800000, 0x000000070ba00000|  0%| F|  |TAMS 0x000000070b800000, 0x000000070b800000| Untracked 
|  73|0x000000070ba00000, 0x000000070ba00000, 0x000000070bc00000|  0%| F|  |TAMS 0x000000070ba00000, 0x000000070ba00000| Untracked 
|  74|0x000000070bc00000, 0x000000070bc00000, 0x000000070be00000|  0%| F|  |TAMS 0x000000070bc00000, 0x000000070bc00000| Untracked 
|  75|0x000000070be00000, 0x000000070be00000, 0x000000070c000000|  0%| F|  |TAMS 0x000000070be00000, 0x000000070be00000| Untracked 
|  76|0x000000070c000000, 0x000000070c000000, 0x000000070c200000|  0%| F|  |TAMS 0x000000070c000000, 0x000000070c000000| Untracked 
|  77|0x000000070c200000, 0x000000070c200000, 0x000000070c400000|  0%| F|  |TAMS 0x000000070c200000, 0x000000070c200000| Untracked 
|  78|0x000000070c400000, 0x000000070c400000, 0x000000070c600000|  0%| F|  |TAMS 0x000000070c400000, 0x000000070c400000| Untracked 
|  79|0x000000070c600000, 0x000000070c600000, 0x000000070c800000|  0%| F|  |TAMS 0x000000070c600000, 0x000000070c600000| Untracked 
|  80|0x000000070c800000, 0x000000070c800000, 0x000000070ca00000|  0%| F|  |TAMS 0x000000070c800000, 0x000000070c800000| Untracked 
|  81|0x000000070ca00000, 0x000000070ca00000, 0x000000070cc00000|  0%| F|  |TAMS 0x000000070ca00000, 0x000000070ca00000| Untracked 
|  82|0x000000070cc00000, 0x000000070cc00000, 0x000000070ce00000|  0%| F|  |TAMS 0x000000070cc00000, 0x000000070cc00000| Untracked 
|  83|0x000000070ce00000, 0x000000070ce00000, 0x000000070d000000|  0%| F|  |TAMS 0x000000070ce00000, 0x000000070ce00000| Untracked 
|  84|0x000000070d000000, 0x000000070d000000, 0x000000070d200000|  0%| F|  |TAMS 0x000000070d000000, 0x000000070d000000| Untracked 
|  85|0x000000070d200000, 0x000000070d200000, 0x000000070d400000|  0%| F|  |TAMS 0x000000070d200000, 0x000000070d200000| Untracked 
|  86|0x000000070d400000, 0x000000070d400000, 0x000000070d600000|  0%| F|  |TAMS 0x000000070d400000, 0x000000070d400000| Untracked 
|  87|0x000000070d600000, 0x000000070d600000, 0x000000070d800000|  0%| F|  |TAMS 0x000000070d600000, 0x000000070d600000| Untracked 
|  88|0x000000070d800000, 0x000000070d800000, 0x000000070da00000|  0%| F|  |TAMS 0x000000070d800000, 0x000000070d800000| Untracked 
|  89|0x000000070da00000, 0x000000070da00000, 0x000000070dc00000|  0%| F|  |TAMS 0x000000070da00000, 0x000000070da00000| Untracked 
|  90|0x000000070dc00000, 0x000000070dc00000, 0x000000070de00000|  0%| F|  |TAMS 0x000000070dc00000, 0x000000070dc00000| Untracked 
|  91|0x000000070de00000, 0x000000070de00000, 0x000000070e000000|  0%| F|  |TAMS 0x000000070de00000, 0x000000070de00000| Untracked 
|  92|0x000000070e000000, 0x000000070e000000, 0x000000070e200000|  0%| F|  |TAMS 0x000000070e000000, 0x000000070e000000| Untracked 
|  93|0x000000070e200000, 0x000000070e200000, 0x000000070e400000|  0%| F|  |TAMS 0x000000070e200000, 0x000000070e200000| Untracked 
|  94|0x000000070e400000, 0x000000070e400000, 0x000000070e600000|  0%| F|  |TAMS 0x000000070e400000, 0x000000070e400000| Untracked 
|  95|0x000000070e600000, 0x000000070e600000, 0x000000070e800000|  0%| F|  |TAMS 0x000000070e600000, 0x000000070e600000| Untracked 
|  96|0x000000070e800000, 0x000000070e800000, 0x000000070ea00000|  0%| F|  |TAMS 0x000000070e800000, 0x000000070e800000| Untracked 
|  97|0x000000070ea00000, 0x000000070ea00000, 0x000000070ec00000|  0%| F|  |TAMS 0x000000070ea00000, 0x000000070ea00000| Untracked 
|  98|0x000000070ec00000, 0x000000070ec00000, 0x000000070ee00000|  0%| F|  |TAMS 0x000000070ec00000, 0x000000070ec00000| Untracked 
|  99|0x000000070ee00000, 0x000000070ee00000, 0x000000070f000000|  0%| F|  |TAMS 0x000000070ee00000, 0x000000070ee00000| Untracked 
| 100|0x000000070f000000, 0x000000070f000000, 0x000000070f200000|  0%| F|  |TAMS 0x000000070f000000, 0x000000070f000000| Untracked 
| 101|0x000000070f200000, 0x000000070f200000, 0x000000070f400000|  0%| F|  |TAMS 0x000000070f200000, 0x000000070f200000| Untracked 
| 102|0x000000070f400000, 0x000000070f400000, 0x000000070f600000|  0%| F|  |TAMS 0x000000070f400000, 0x000000070f400000| Untracked 
| 103|0x000000070f600000, 0x000000070f600000, 0x000000070f800000|  0%| F|  |TAMS 0x000000070f600000, 0x000000070f600000| Untracked 
| 104|0x000000070f800000, 0x000000070fa00000, 0x000000070fa00000|100%| S|CS|TAMS 0x000000070f800000, 0x000000070f800000| Complete 
| 105|0x000000070fa00000, 0x000000070fc00000, 0x000000070fc00000|100%| S|CS|TAMS 0x000000070fa00000, 0x000000070fa00000| Complete 
| 106|0x000000070fc00000, 0x000000070fe00000, 0x000000070fe00000|100%| S|CS|TAMS 0x000000070fc00000, 0x000000070fc00000| Complete 
| 107|0x000000070fe00000, 0x000000070fe00000, 0x0000000710000000|  0%| F|  |TAMS 0x000000070fe00000, 0x000000070fe00000| Untracked 
| 108|0x0000000710000000, 0x0000000710000000, 0x0000000710200000|  0%| F|  |TAMS 0x0000000710000000, 0x0000000710000000| Untracked 
| 109|0x0000000710200000, 0x0000000710200000, 0x0000000710400000|  0%| F|  |TAMS 0x0000000710200000, 0x0000000710200000| Untracked 
| 110|0x0000000710400000, 0x0000000710400000, 0x0000000710600000|  0%| F|  |TAMS 0x0000000710400000, 0x0000000710400000| Untracked 
| 111|0x0000000710600000, 0x0000000710600000, 0x0000000710800000|  0%| F|  |TAMS 0x0000000710600000, 0x0000000710600000| Untracked 
| 112|0x0000000710800000, 0x0000000710800000, 0x0000000710a00000|  0%| F|  |TAMS 0x0000000710800000, 0x0000000710800000| Untracked 
| 113|0x0000000710a00000, 0x0000000710a00000, 0x0000000710c00000|  0%| F|  |TAMS 0x0000000710a00000, 0x0000000710a00000| Untracked 
| 114|0x0000000710c00000, 0x0000000710c00000, 0x0000000710e00000|  0%| F|  |TAMS 0x0000000710c00000, 0x0000000710c00000| Untracked 
| 115|0x0000000710e00000, 0x0000000710e00000, 0x0000000711000000|  0%| F|  |TAMS 0x0000000710e00000, 0x0000000710e00000| Untracked 
| 116|0x0000000711000000, 0x0000000711000000, 0x0000000711200000|  0%| F|  |TAMS 0x0000000711000000, 0x0000000711000000| Untracked 
| 117|0x0000000711200000, 0x0000000711200000, 0x0000000711400000|  0%| F|  |TAMS 0x0000000711200000, 0x0000000711200000| Untracked 
| 118|0x0000000711400000, 0x0000000711400000, 0x0000000711600000|  0%| F|  |TAMS 0x0000000711400000, 0x0000000711400000| Untracked 
| 119|0x0000000711600000, 0x0000000711600000, 0x0000000711800000|  0%| F|  |TAMS 0x0000000711600000, 0x0000000711600000| Untracked 
| 120|0x0000000711800000, 0x0000000711800000, 0x0000000711a00000|  0%| F|  |TAMS 0x0000000711800000, 0x0000000711800000| Untracked 
| 121|0x0000000711a00000, 0x0000000711a00000, 0x0000000711c00000|  0%| F|  |TAMS 0x0000000711a00000, 0x0000000711a00000| Untracked 
| 122|0x0000000711c00000, 0x0000000711c00000, 0x0000000711e00000|  0%| F|  |TAMS 0x0000000711c00000, 0x0000000711c00000| Untracked 
| 123|0x0000000711e00000, 0x0000000711ee6fe8, 0x0000000712000000| 45%| E|  |TAMS 0x0000000711e00000, 0x0000000711e00000| Complete 
| 124|0x0000000712000000, 0x0000000712200000, 0x0000000712200000|100%| E|CS|TAMS 0x0000000712000000, 0x0000000712000000| Complete 
| 125|0x0000000712200000, 0x0000000712400000, 0x0000000712400000|100%| E|CS|TAMS 0x0000000712200000, 0x0000000712200000| Complete 
| 126|0x0000000712400000, 0x0000000712600000, 0x0000000712600000|100%| E|CS|TAMS 0x0000000712400000, 0x0000000712400000| Complete 

Card table byte_map: [0x000001c2576d0000,0x000001c257ec0000] _byte_map_base: 0x000001c253ebc000

Marking Bits (Prev, Next): (CMBitMap*) 0x000001c23fcca860, (CMBitMap*) 0x000001c23fcca8a0
 Prev Bits: [0x000001c2586b0000, 0x000001c25c610000)
 Next Bits: [0x000001c25c610000, 0x000001c260570000)

Polling page: 0x000001c23dbb0000

Metaspace:

Usage:
  Non-class:     13.98 MB used.
      Class:      2.43 MB used.
       Both:     16.41 MB used.

Virtual space:
  Non-class space:       64.00 MB reserved,      14.12 MB ( 22%) committed,  1 nodes.
      Class space:        1.00 GB reserved,       2.62 MB ( <1%) committed,  1 nodes.
             Both:        1.06 GB reserved,      16.75 MB (  2%) committed. 

Chunk freelists:
   Non-Class:  1.48 MB
       Class:  1.41 MB
        Both:  2.90 MB

MaxMetaspaceSize: unlimited
CompressedClassSpaceSize: 1.00 GB
Initial GC threshold: 21.00 MB
Current GC threshold: 21.00 MB
CDS: on
MetaspaceReclaimPolicy: balanced
 - commit_granule_bytes: 65536.
 - commit_granule_words: 8192.
 - virtual_space_node_default_size: 8388608.
 - enlarge_chunks_in_place: 1.
 - new_chunks_are_fully_committed: 0.
 - uncommit_free_chunks: 1.
 - use_allocation_guard: 0.


Internal statistics:

num_allocs_failed_limit: 0.
num_arena_births: 372.
num_arena_deaths: 0.
num_vsnodes_births: 2.
num_vsnodes_deaths: 0.
num_space_committed: 268.
num_space_uncommitted: 0.
num_chunks_returned_to_freelist: 0.
num_chunks_taken_from_freelist: 895.
num_chunk_merges: 0.
num_chunk_splits: 616.
num_chunks_enlarged: 480.
num_inconsistent_stats: 0.

CodeHeap 'non-profiled nmethods': size=120000Kb used=877Kb max_used=877Kb free=119122Kb
 bounds [0x000001c24f680000, 0x000001c24f8f0000, 0x000001c256bb0000]
CodeHeap 'profiled nmethods': size=120000Kb used=4286Kb max_used=4286Kb free=115713Kb
 bounds [0x000001c247bb0000, 0x000001c247fe0000, 0x000001c24f0e0000]
CodeHeap 'non-nmethods': size=5760Kb used=1508Kb max_used=1529Kb free=4251Kb
 bounds [0x000001c24f0e0000, 0x000001c24f350000, 0x000001c24f680000]
 total_blobs=3163 nmethods=2375 adapters=698
 compilation: enabled
              stopped_count=0, restarted_count=0
 full_count=0

Compilation events (20 events):
Event: 12.013 Thread 0x000001c262fd6720 nmethod 2371 0x000001c247fda710 code [0x000001c247fda960, 0x000001c247fdb168]
Event: 12.013 Thread 0x000001c262fd6720 2372       3       java.util.AbstractList$SubList$1::<init> (41 bytes)
Event: 12.013 Thread 0x000001c262fd6720 nmethod 2372 0x000001c247fdb490 code [0x000001c247fdb640, 0x000001c247fdb948]
Event: 12.013 Thread 0x000001c262fd6720 2373       3       javafx.collections.ListChangeListener$Change::getAddedSubList (31 bytes)
Event: 12.014 Thread 0x000001c262fd6720 nmethod 2373 0x000001c247fdba90 code [0x000001c247fdbce0, 0x000001c247fdc7c8]
Event: 12.014 Thread 0x000001c262fd6720 2374       3       javafx.collections.ModifiableObservableListBase::subList (15 bytes)
Event: 12.014 Thread 0x000001c262fd6720 nmethod 2374 0x000001c247fdca10 code [0x000001c247fdcbe0, 0x000001c247fdcf28]
Event: 12.014 Thread 0x000001c262fd6720 2375       3       java.util.AbstractList::subList (40 bytes)
Event: 12.015 Thread 0x000001c262fd6720 nmethod 2375 0x000001c247fdd090 code [0x000001c247fdd2a0, 0x000001c247fdda08]
Event: 12.016 Thread 0x000001c262fd6720 2376       3       java.lang.Class::getPackage (38 bytes)
Event: 12.016 Thread 0x000001c262fd6720 nmethod 2376 0x000001c247fddc10 code [0x000001c247fdde20, 0x000001c247fde438]
Event: 12.016 Thread 0x000001c262fd6720 2377       3       java.lang.ClassLoader::definePackage (29 bytes)
Event: 12.016 Thread 0x000001c262fd6720 nmethod 2377 0x000001c247fde610 code [0x000001c247fde7e0, 0x000001c247fdeb08]
Event: 12.016 Thread 0x000001c262fd6720 2378       3       java.lang.Package::getName (5 bytes)
Event: 12.016 Thread 0x000001c262fd6720 nmethod 2378 0x000001c247fdec10 code [0x000001c247fdeda0, 0x000001c247fdef58]
Event: 12.017 Thread 0x000001c262fd6720 2379       3       com.sun.javafx.css.StyleCacheEntry$Key::hashCode (84 bytes)
Event: 12.017 Thread 0x000001c262fd6720 nmethod 2379 0x000001c247fdf010 code [0x000001c247fdf1e0, 0x000001c247fdf5d8]
Event: 12.017 Thread 0x000001c262fd6720 2380       3       javafx.css.Rule::getOrigin (19 bytes)
Event: 12.017 Thread 0x000001c262fd6720 nmethod 2380 0x000001c247fdf790 code [0x000001c247fdf940, 0x000001c247fdfaf8]
Event: 12.017 Thread 0x000001c262fd6720 2382       3       java.lang.Enum::compareTo (44 bytes)

GC Heap History (4 events):
Event: 0.684 GC heap before
{Heap before GC invocations=0 (full 0):
 garbage-first heap   total 260096K, used 22528K [0x0000000702800000, 0x0000000800000000)
  region size 2048K, 11 young (22528K), 0 survivors (0K)
 Metaspace       used 5130K, committed 5376K, reserved 1114112K
  class space    used 589K, committed 704K, reserved 1048576K
}
Event: 0.686 GC heap after
{Heap after GC invocations=1 (full 0):
 garbage-first heap   total 260096K, used 2797K [0x0000000702800000, 0x0000000800000000)
  region size 2048K, 2 young (4096K), 2 survivors (4096K)
 Metaspace       used 5130K, committed 5376K, reserved 1114112K
  class space    used 589K, committed 704K, reserved 1048576K
}
Event: 11.911 GC heap before
{Heap before GC invocations=1 (full 0):
 garbage-first heap   total 260096K, used 39661K [0x0000000702800000, 0x0000000800000000)
  region size 2048K, 20 young (40960K), 2 survivors (4096K)
 Metaspace       used 15618K, committed 15936K, reserved 1114112K
  class space    used 2165K, committed 2304K, reserved 1048576K
}
Event: 11.919 GC heap after
{Heap after GC invocations=2 (full 0):
 garbage-first heap   total 260096K, used 9810K [0x0000000702800000, 0x0000000800000000)
  region size 2048K, 3 young (6144K), 3 survivors (6144K)
 Metaspace       used 15618K, committed 15936K, reserved 1114112K
  class space    used 2165K, committed 2304K, reserved 1048576K
}

Dll operation events (20 events):
Event: 0.353 Loaded shared library C:\Users\amin\.openjfx\cache\19.0.2+1\amd64\api-ms-win-crt-locale-l1-1-0.dll
Event: 0.355 Loaded shared library C:\Users\amin\.openjfx\cache\19.0.2+1\amd64\api-ms-win-crt-math-l1-1-0.dll
Event: 0.359 Loaded shared library C:\Users\amin\.openjfx\cache\19.0.2+1\amd64\api-ms-win-crt-multibyte-l1-1-0.dll
Event: 0.362 Loaded shared library C:\Users\amin\.openjfx\cache\19.0.2+1\amd64\api-ms-win-crt-private-l1-1-0.dll
Event: 0.364 Loaded shared library C:\Users\amin\.openjfx\cache\19.0.2+1\amd64\api-ms-win-crt-process-l1-1-0.dll
Event: 0.366 Loaded shared library C:\Users\amin\.openjfx\cache\19.0.2+1\amd64\api-ms-win-crt-runtime-l1-1-0.dll
Event: 0.369 Loaded shared library C:\Users\amin\.openjfx\cache\19.0.2+1\amd64\api-ms-win-crt-stdio-l1-1-0.dll
Event: 0.371 Loaded shared library C:\Users\amin\.openjfx\cache\19.0.2+1\amd64\api-ms-win-crt-string-l1-1-0.dll
Event: 0.374 Loaded shared library C:\Users\amin\.openjfx\cache\19.0.2+1\amd64\api-ms-win-crt-time-l1-1-0.dll
Event: 0.377 Loaded shared library C:\Users\amin\.openjfx\cache\19.0.2+1\amd64\api-ms-win-crt-utility-l1-1-0.dll
Event: 0.388 Loaded shared library C:\Users\amin\.openjfx\cache\19.0.2+1\amd64\ucrtbase.dll
Event: 0.392 Loaded shared library C:\Users\amin\.openjfx\cache\19.0.2+1\amd64\vcruntime140.dll
Event: 0.395 Loaded shared library C:\Users\amin\.openjfx\cache\19.0.2+1\amd64\vcruntime140_1.dll
Event: 0.403 Loaded shared library C:\Users\amin\.openjfx\cache\19.0.2+1\amd64\msvcp140.dll
Event: 0.406 Loaded shared library C:\Users\amin\.openjfx\cache\19.0.2+1\amd64\msvcp140_1.dll
Event: 0.410 Loaded shared library C:\Users\amin\.openjfx\cache\19.0.2+1\amd64\msvcp140_2.dll
Event: 0.445 Loaded shared library C:\Users\amin\.openjfx\cache\19.0.2+1\amd64\prism_d3d.dll
Event: 0.516 Loaded shared library C:\Users\amin\.openjfx\cache\19.0.2+1\amd64\glass.dll
Event: 0.691 Loaded shared library C:\Program Files\Java\jdk-19\bin\jimage.dll
Event: 0.856 Loaded shared library C:\Users\amin\.openjfx\cache\19.0.2+1\amd64\javafx_font.dll

Deoptimization events (20 events):
Event: 11.874 Thread 0x000001c267f32790 Uncommon trap: trap_request=0xffffffc6 fr.pc=0x000001c24f6db41c relative=0x00000000000002dc
Event: 11.874 Thread 0x000001c267f32790 Uncommon trap: reason=bimorphic_or_optimized_type_check action=maybe_recompile pc=0x000001c24f6db41c method=java.util.concurrent.ConcurrentHashMap.get(Ljava/lang/Object;)Ljava/lang/Object; @ 149 c2
Event: 11.874 Thread 0x000001c267f32790 DEOPT PACKING pc=0x000001c24f6db41c sp=0x00000012331fb860
Event: 11.874 Thread 0x000001c267f32790 DEOPT UNPACKING pc=0x000001c24f146da3 sp=0x00000012331fb7e0 mode 2
Event: 11.931 Thread 0x000001c267f32790 Uncommon trap: trap_request=0xffffff45 fr.pc=0x000001c24f6a9b04 relative=0x00000000000000e4
Event: 11.931 Thread 0x000001c267f32790 Uncommon trap: reason=unstable_if action=reinterpret pc=0x000001c24f6a9b04 method=java.util.HashMap.hash(Ljava/lang/Object;)I @ 1 c2
Event: 11.931 Thread 0x000001c267f32790 DEOPT PACKING pc=0x000001c24f6a9b04 sp=0x00000012331fb420
Event: 11.931 Thread 0x000001c267f32790 DEOPT UNPACKING pc=0x000001c24f146da3 sp=0x00000012331fb360 mode 2
Event: 11.934 Thread 0x000001c267f32790 Uncommon trap: trap_request=0xffffff45 fr.pc=0x000001c24f7192b0 relative=0x0000000000000470
Event: 11.934 Thread 0x000001c267f32790 Uncommon trap: reason=unstable_if action=reinterpret pc=0x000001c24f7192b0 method=java.util.HashMap.hash(Ljava/lang/Object;)I @ 1 c2
Event: 11.934 Thread 0x000001c267f32790 DEOPT PACKING pc=0x000001c24f7192b0 sp=0x00000012331fb350
Event: 11.934 Thread 0x000001c267f32790 DEOPT UNPACKING pc=0x000001c24f146da3 sp=0x00000012331fb1f8 mode 2
Event: 11.946 Thread 0x000001c267f32790 Uncommon trap: trap_request=0xffffff45 fr.pc=0x000001c24f6f3b68 relative=0x0000000000000308
Event: 11.946 Thread 0x000001c267f32790 Uncommon trap: reason=unstable_if action=reinterpret pc=0x000001c24f6f3b68 method=java.util.HashMap.hash(Ljava/lang/Object;)I @ 1 c2
Event: 11.946 Thread 0x000001c267f32790 DEOPT PACKING pc=0x000001c24f6f3b68 sp=0x00000012331fb3d0
Event: 11.946 Thread 0x000001c267f32790 DEOPT UNPACKING pc=0x000001c24f146da3 sp=0x00000012331fb2d8 mode 2
Event: 11.946 Thread 0x000001c267f32790 Uncommon trap: trap_request=0xffffff45 fr.pc=0x000001c24f6a9138 relative=0x0000000000000098
Event: 11.946 Thread 0x000001c267f32790 Uncommon trap: reason=unstable_if action=reinterpret pc=0x000001c24f6a9138 method=java.util.HashMap.hash(Ljava/lang/Object;)I @ 1 c2
Event: 11.946 Thread 0x000001c267f32790 DEOPT PACKING pc=0x000001c24f6a9138 sp=0x00000012331fb3e0
Event: 11.946 Thread 0x000001c267f32790 DEOPT UNPACKING pc=0x000001c24f146da3 sp=0x00000012331fb378 mode 2

Classes loaded (20 events):
Event: 11.754 Loading class java/math/BigDecimal
Event: 11.755 Loading class java/math/BigDecimal done
Event: 11.762 Loading class java/time/DateTimeException
Event: 11.762 Loading class java/time/DateTimeException done
Event: 11.763 Loading class java/time/format/FormatStyle
Event: 11.763 Loading class java/time/format/FormatStyle done
Event: 11.779 Loading class java/util/BitSet
Event: 11.779 Loading class java/util/BitSet done
Event: 11.792 Loading class sun/reflect/generics/tree/BottomSignature
Event: 11.792 Loading class sun/reflect/generics/tree/BottomSignature done
Event: 11.792 Loading class sun/reflect/generics/tree/Wildcard
Event: 11.792 Loading class sun/reflect/generics/tree/Wildcard done
Event: 11.793 Loading class sun/reflect/generics/reflectiveObjects/WildcardTypeImpl
Event: 11.793 Loading class java/lang/reflect/WildcardType
Event: 11.793 Loading class java/lang/reflect/WildcardType done
Event: 11.793 Loading class sun/reflect/generics/reflectiveObjects/WildcardTypeImpl done
Event: 11.980 Loading class java/lang/FdLibm$Hypot
Event: 11.980 Loading class java/lang/FdLibm$Hypot done
Event: 11.980 Loading class java/lang/FdLibm
Event: 11.980 Loading class java/lang/FdLibm done

Classes unloaded (0 events):
No events

Classes redefined (0 events):
No events

Internal exceptions (20 events):
Event: 1.138 Thread 0x000001c267f32790 Exception <a 'java/lang/NoSuchMethodError'{0x0000000710806cb8}: 'java.lang.Object java.lang.invoke.DirectMethodHandle$Holder.newInvokeSpecial(java.lang.Object, java.lang.Object, int)'> (0x0000000710806cb8) 
thrown [s\open\src\hotspot\share\interpreter\linkResolver.cpp, line 774]
Event: 1.155 Thread 0x000001c267cc1b50 Exception <a 'java/lang/NoSuchMethodError'{0x00000007108e0830}: 'int java.lang.invoke.DirectMethodHandle$Holder.invokeStaticInit(java.lang.Object, java.lang.Object)'> (0x00000007108e0830) 
thrown [s\open\src\hotspot\share\interpreter\linkResolver.cpp, line 774]
Event: 11.682 Thread 0x000001c267f32790 Exception <a 'java/lang/NoSuchMethodError'{0x00000007104d2b68}: 'long java.lang.invoke.DirectMethodHandle$Holder.invokeStatic(java.lang.Object, java.lang.Object, java.lang.Object)'> (0x00000007104d2b68) 
thrown [s\open\src\hotspot\share\interpreter\linkResolver.cpp, line 774]
Event: 11.683 Thread 0x000001c267f32790 Exception <a 'java/lang/NoSuchMethodError'{0x00000007104dc728}: 'long java.lang.invoke.DirectMethodHandle$Holder.invokeStaticInit(java.lang.Object, java.lang.Object, java.lang.Object)'> (0x00000007104dc728) 
thrown [s\open\src\hotspot\share\interpreter\linkResolver.cpp, line 774]
Event: 11.684 Thread 0x000001c267f32790 Exception <a 'java/lang/NoSuchMethodError'{0x00000007104f4ad0}: 'java.lang.Object java.lang.invoke.DirectMethodHandle$Holder.newInvokeSpecial(java.lang.Object, java.lang.Object, long)'> (0x00000007104f4ad0) 
thrown [s\open\src\hotspot\share\interpreter\linkResolver.cpp, line 774]
Event: 11.685 Thread 0x000001c267f32790 Exception <a 'java/lang/NoSuchMethodError'{0x00000007104f8658}: 'java.lang.Object java.lang.invoke.Invokers$Holder.linkToTargetMethod(java.lang.Object, long, java.lang.Object)'> (0x00000007104f8658) 
thrown [s\open\src\hotspot\share\interpreter\linkResolver.cpp, line 774]
Event: 11.753 Thread 0x000001c267f32790 Exception <a 'java/lang/NoSuchMethodError'{0x0000000710299f50}: 'java.lang.Object java.lang.invoke.DirectMethodHandle$Holder.newInvokeSpecial(java.lang.Object, double)'> (0x0000000710299f50) 
thrown [s\open\src\hotspot\share\interpreter\linkResolver.cpp, line 774]
Event: 11.811 Thread 0x000001c267f32790 Exception <a 'java/io/FileNotFoundException'{0x0000000710120128}> (0x0000000710120128) 
thrown [s\open\src\hotspot\share\prims\jni.cpp, line 517]
Event: 11.821 Thread 0x000001c267f32790 Exception <a 'java/lang/ClassNotFoundException'{0x0000000710162c80}: com/sun/javafx/scene/control/skin/resources/controls-nt> (0x0000000710162c80) 
thrown [s\open\src\hotspot\share\prims\jni.cpp, line 536]
Event: 11.822 Thread 0x000001c267f32790 Exception <a 'java/lang/ClassNotFoundException'{0x000000071016b630}: com/sun/javafx/scene/control/skin/resources/controls-nt_en> (0x000000071016b630) 
thrown [s\open\src\hotspot\share\prims\jni.cpp, line 536]
Event: 11.822 Thread 0x000001c267f32790 Exception <a 'java/lang/ClassNotFoundException'{0x000000071016c8e0}: com/sun/javafx/scene/control/skin/resources/controls-nt_en_US> (0x000000071016c8e0) 
thrown [s\open\src\hotspot\share\prims\jni.cpp, line 536]
Event: 11.872 Thread 0x000001c267f32790 Exception <a 'java/lang/ClassNotFoundException'{0x000000070fed0308}: com/sun/javafx/scene/control/skin/resources/controls> (0x000000070fed0308) 
thrown [s\open\src\hotspot\share\prims\jni.cpp, line 536]
Event: 11.873 Thread 0x000001c267f32790 Exception <a 'java/lang/ClassNotFoundException'{0x000000070fede690}: com/sun/javafx/scene/control/skin/resources/controls_en> (0x000000070fede690) 
thrown [s\open\src\hotspot\share\prims\jni.cpp, line 536]
Event: 11.873 Thread 0x000001c267f32790 Exception <a 'java/lang/ClassNotFoundException'{0x000000070fedfbe8}: com/sun/javafx/scene/control/skin/resources/controls_en_US> (0x000000070fedfbe8) 
thrown [s\open\src\hotspot\share\prims\jni.cpp, line 536]
Event: 11.931 Thread 0x000001c267f32790 Implicit null exception at 0x000001c24f6a9a60 to 0x000001c24f6a9afa
Event: 11.934 Thread 0x000001c267f32790 Implicit null exception at 0x000001c24f718e94 to 0x000001c24f719294
Event: 11.937 Thread 0x000001c267f32790 Exception <a 'java/lang/NoSuchMethodError'{0x00000007124ca700}: 'void java.lang.invoke.DirectMethodHandle$Holder.invokeSpecial(java.lang.Object, java.lang.Object, java.lang.Object, java.lang.Object, java.lang.Object, java.lang.Object)'> (0x00000007124ca700) 
thrown [s\open\src\hotspot\share\interpreter\linkResolver.cpp, line 774]
Event: 11.946 Thread 0x000001c267f32790 Implicit null exception at 0x000001c24f6f38af to 0x000001c24f6f3b50
Event: 11.946 Thread 0x000001c267f32790 Implicit null exception at 0x000001c24f6a90af to 0x000001c24f6a9129
Event: 12.015 Thread 0x000001c267f32790 Exception <a 'java/lang/NoSuchMethodError'{0x0000000712115b60}: 'void java.lang.invoke.DirectMethodHandle$Holder.invokeSpecialIFC(java.lang.Object, java.lang.Object, java.lang.Object, java.lang.Object)'> (0x0000000712115b60) 
thrown [s\open\src\hotspot\share\interpreter\linkResolver.cpp, line 774]

VM Operations (20 events):
Event: 0.659 Executing VM operation: ICBufferFull
Event: 0.659 Executing VM operation: ICBufferFull done
Event: 0.684 Executing VM operation: G1CollectForAllocation
Event: 0.687 Executing VM operation: G1CollectForAllocation done
Event: 0.799 Executing VM operation: HandshakeAllThreads
Event: 0.799 Executing VM operation: HandshakeAllThreads done
Event: 0.860 Executing VM operation: HandshakeAllThreads
Event: 0.860 Executing VM operation: HandshakeAllThreads done
Event: 1.116 Executing VM operation: ICBufferFull
Event: 1.116 Executing VM operation: ICBufferFull done
Event: 2.117 Executing VM operation: Cleanup
Event: 2.117 Executing VM operation: Cleanup done
Event: 7.119 Executing VM operation: Cleanup
Event: 7.120 Executing VM operation: Cleanup done
Event: 8.120 Executing VM operation: Cleanup
Event: 8.121 Executing VM operation: Cleanup done
Event: 11.121 Executing VM operation: Cleanup
Event: 11.121 Executing VM operation: Cleanup done
Event: 11.911 Executing VM operation: G1CollectForAllocation
Event: 11.919 Executing VM operation: G1CollectForAllocation done

Events (20 events):
Event: 0.025 Thread 0x000001c262fd7490 Thread added: 0x000001c262fd7490
Event: 0.051 Thread 0x000001c2671fa7b0 Thread added: 0x000001c2671fa7b0
Event: 0.113 Thread 0x000001c267300420 Thread added: 0x000001c267300420
Event: 0.114 Thread 0x000001c2673051a0 Thread added: 0x000001c2673051a0
Event: 0.175 Thread 0x000001c2672267b0 Thread added: 0x000001c2672267b0
Event: 0.175 Thread 0x000001c26798c7f0 Thread added: 0x000001c26798c7f0
Event: 0.436 Thread 0x000001c267cc1b50 Thread added: 0x000001c267cc1b50
Event: 0.498 Thread 0x000001c2673051a0 Thread exited: 0x000001c2673051a0
Event: 0.517 Thread 0x000001c267f1ce70 Thread added: 0x000001c267f1ce70
Event: 0.521 Thread 0x000001c267f32790 Thread added: 0x000001c267f32790
Event: 0.629 Thread 0x000001c267300420 Thread exited: 0x000001c267300420
Event: 0.665 Thread 0x000001c267df8040 Thread added: 0x000001c267df8040
Event: 0.668 Thread 0x000001c267df8590 Thread added: 0x000001c267df8590
Event: 0.774 Thread 0x000001c268364af0 Thread added: 0x000001c268364af0
Event: 0.902 Thread 0x000001c268439110 Thread added: 0x000001c268439110
Event: 1.086 Thread 0x000001c267df8ae0 Thread added: 0x000001c267df8ae0
Event: 1.192 Thread 0x000001c267dfa020 Thread added: 0x000001c267dfa020
Event: 1.456 Thread 0x000001c268439110 Thread exited: 0x000001c268439110
Event: 1.456 Thread 0x000001c268364af0 Thread exited: 0x000001c268364af0
Event: 11.986 Thread 0x000001c267c18d50 Thread added: 0x000001c267c18d50


Dynamic libraries:
0x00007ff721b70000 - 0x00007ff721b80000 	C:\Program Files\Java\jdk-19\bin\java.exe
0x00007fff6c5f0000 - 0x00007fff6c807000 	C:\Windows\SYSTEM32\ntdll.dll
0x00007fff6af60000 - 0x00007fff6b024000 	C:\Windows\System32\KERNEL32.DLL
0x00007fff69a50000 - 0x00007fff69e0a000 	C:\Windows\System32\KERNELBASE.dll
0x00007fff69f80000 - 0x00007fff6a091000 	C:\Windows\System32\ucrtbase.dll
0x00007fff5a0b0000 - 0x00007fff5a0c8000 	C:\Program Files\Java\jdk-19\bin\jli.dll
0x00007fff60170000 - 0x00007fff6018b000 	C:\Program Files\Java\jdk-19\bin\VCRUNTIME140.dll
0x00007fff6a4e0000 - 0x00007fff6a592000 	C:\Windows\System32\ADVAPI32.dll
0x00007fff6aa40000 - 0x00007fff6aae7000 	C:\Windows\System32\msvcrt.dll
0x00007fff6c350000 - 0x00007fff6c3f7000 	C:\Windows\System32\sechost.dll
0x00007fff6a210000 - 0x00007fff6a238000 	C:\Windows\System32\bcrypt.dll
0x00007fff6b130000 - 0x00007fff6b244000 	C:\Windows\System32\RPCRT4.dll
0x00007fff6a330000 - 0x00007fff6a4de000 	C:\Windows\System32\USER32.dll
0x00007fff69f50000 - 0x00007fff69f76000 	C:\Windows\System32\win32u.dll
0x00007fff6b360000 - 0x00007fff6b389000 	C:\Windows\System32\GDI32.dll
0x00007fff698b0000 - 0x00007fff699cb000 	C:\Windows\System32\gdi32full.dll
0x00007fff5ad80000 - 0x00007fff5b012000 	C:\Windows\WinSxS\amd64_microsoft.windows.common-controls_6595b64144ccf1df_6.0.22621.4541_none_2710d1c57384c085\COMCTL32.dll
0x00007fff6a240000 - 0x00007fff6a2da000 	C:\Windows\System32\msvcp_win.dll
0x00007fff61e00000 - 0x00007fff61e0a000 	C:\Windows\SYSTEM32\VERSION.dll
0x00007fff6c400000 - 0x00007fff6c431000 	C:\Windows\System32\IMM32.DLL
0x00007fff5e2d0000 - 0x00007fff5e2dc000 	C:\Program Files\Java\jdk-19\bin\vcruntime140_1.dll
0x00007fff54870000 - 0x00007fff548fe000 	C:\Program Files\Java\jdk-19\bin\msvcp140.dll
0x00007fff15390000 - 0x00007fff16050000 	C:\Program Files\Java\jdk-19\bin\server\jvm.dll
0x00007fff4e110000 - 0x00007fff4e119000 	C:\Windows\SYSTEM32\WSOCK32.dll
0x00007fff64260000 - 0x00007fff64294000 	C:\Windows\SYSTEM32\WINMM.dll
0x00007fff6aec0000 - 0x00007fff6af31000 	C:\Windows\System32\WS2_32.dll
0x00007fff689a0000 - 0x00007fff689b8000 	C:\Windows\SYSTEM32\kernel.appcore.dll
0x00007fff5d430000 - 0x00007fff5d43a000 	C:\Program Files\Java\jdk-19\bin\jimage.dll
0x00007fff670c0000 - 0x00007fff672f2000 	C:\Windows\SYSTEM32\DBGHELP.DLL
0x00007fff6a6a0000 - 0x00007fff6aa31000 	C:\Windows\System32\combase.dll
0x00007fff6ade0000 - 0x00007fff6aeb7000 	C:\Windows\System32\OLEAUT32.dll
0x00007fff609e0000 - 0x00007fff60a12000 	C:\Windows\SYSTEM32\dbgcore.DLL
0x00007fff699d0000 - 0x00007fff69a4b000 	C:\Windows\System32\bcryptPrimitives.dll
0x00007fff61a70000 - 0x00007fff61a7e000 	C:\Program Files\Java\jdk-19\bin\instrument.dll
0x00007fff54840000 - 0x00007fff54866000 	C:\Program Files\Java\jdk-19\bin\java.dll
0x00007fff21300000 - 0x00007fff213d7000 	C:\Program Files\Java\jdk-19\bin\jsvml.dll
0x00007fff6bad0000 - 0x00007fff6c349000 	C:\Windows\System32\SHELL32.dll
0x00007fff677b0000 - 0x00007fff680b9000 	C:\Windows\SYSTEM32\windows.storage.dll
0x00007fff67670000 - 0x00007fff677af000 	C:\Windows\SYSTEM32\wintypes.dll
0x00007fff6b030000 - 0x00007fff6b12a000 	C:\Windows\System32\SHCORE.dll
0x00007fff6b300000 - 0x00007fff6b35e000 	C:\Windows\System32\shlwapi.dll
0x00007fff697e0000 - 0x00007fff6980b000 	C:\Windows\SYSTEM32\profapi.dll
0x00007fff54820000 - 0x00007fff54833000 	C:\Program Files\Java\jdk-19\bin\net.dll
0x00007fff649a0000 - 0x00007fff64ad6000 	C:\Windows\SYSTEM32\WINHTTP.dll
0x00007fff68e30000 - 0x00007fff68e99000 	C:\Windows\system32\mswsock.dll
0x00007fff54800000 - 0x00007fff54816000 	C:\Program Files\Java\jdk-19\bin\nio.dll
0x00007fff547e0000 - 0x00007fff547f8000 	C:\Program Files\Java\jdk-19\bin\zip.dll
0x00007fff5fe10000 - 0x00007fff5fe2a000 	C:\Program Files\JetBrains\IntelliJ IDEA 2023.1.3\bin\breakgen64.dll
0x000001c23dc20000 - 0x000001c23dc23000 	C:\Users\amin\.openjfx\cache\19.0.2+1\amd64\api-ms-win-core-console-l1-1-0.dll
0x000001c23dc30000 - 0x000001c23dc33000 	C:\Users\amin\.openjfx\cache\19.0.2+1\amd64\api-ms-win-core-console-l1-2-0.dll
0x000001c23dc40000 - 0x000001c23dc43000 	C:\Users\amin\.openjfx\cache\19.0.2+1\amd64\api-ms-win-core-datetime-l1-1-0.dll
0x000001c23dc50000 - 0x000001c23dc53000 	C:\Users\amin\.openjfx\cache\19.0.2+1\amd64\api-ms-win-core-debug-l1-1-0.dll
0x000001c23fbd0000 - 0x000001c23fbd3000 	C:\Users\amin\.openjfx\cache\19.0.2+1\amd64\api-ms-win-core-errorhandling-l1-1-0.dll
0x000001c23fbe0000 - 0x000001c23fbe4000 	C:\Users\amin\.openjfx\cache\19.0.2+1\amd64\api-ms-win-core-file-l1-1-0.dll
0x000001c23fbf0000 - 0x000001c23fbf3000 	C:\Users\amin\.openjfx\cache\19.0.2+1\amd64\api-ms-win-core-file-l1-2-0.dll
0x000001c23fc00000 - 0x000001c23fc03000 	C:\Users\amin\.openjfx\cache\19.0.2+1\amd64\api-ms-win-core-file-l2-1-0.dll
0x000001c268cd0000 - 0x000001c268cd3000 	C:\Users\amin\.openjfx\cache\19.0.2+1\amd64\api-ms-win-core-handle-l1-1-0.dll
0x000001c268ce0000 - 0x000001c268ce3000 	C:\Users\amin\.openjfx\cache\19.0.2+1\amd64\api-ms-win-core-heap-l1-1-0.dll
0x000001c268cf0000 - 0x000001c268cf3000 	C:\Users\amin\.openjfx\cache\19.0.2+1\amd64\api-ms-win-core-interlocked-l1-1-0.dll
0x000001c268d00000 - 0x000001c268d03000 	C:\Users\amin\.openjfx\cache\19.0.2+1\amd64\api-ms-win-core-libraryloader-l1-1-0.dll
0x000001c268d10000 - 0x000001c268d13000 	C:\Users\amin\.openjfx\cache\19.0.2+1\amd64\api-ms-win-core-localization-l1-2-0.dll
0x000001c268d20000 - 0x000001c268d23000 	C:\Users\amin\.openjfx\cache\19.0.2+1\amd64\api-ms-win-core-memory-l1-1-0.dll
0x000001c268d30000 - 0x000001c268d33000 	C:\Users\amin\.openjfx\cache\19.0.2+1\amd64\api-ms-win-core-namedpipe-l1-1-0.dll
0x000001c268d40000 - 0x000001c268d43000 	C:\Users\amin\.openjfx\cache\19.0.2+1\amd64\api-ms-win-core-processenvironment-l1-1-0.dll
0x000001c268d50000 - 0x000001c268d53000 	C:\Users\amin\.openjfx\cache\19.0.2+1\amd64\api-ms-win-core-processthreads-l1-1-0.dll
0x000001c268d60000 - 0x000001c268d63000 	C:\Users\amin\.openjfx\cache\19.0.2+1\amd64\api-ms-win-core-processthreads-l1-1-1.dll
0x000001c268d70000 - 0x000001c268d73000 	C:\Users\amin\.openjfx\cache\19.0.2+1\amd64\api-ms-win-core-profile-l1-1-0.dll
0x000001c268d80000 - 0x000001c268d83000 	C:\Users\amin\.openjfx\cache\19.0.2+1\amd64\api-ms-win-core-rtlsupport-l1-1-0.dll
0x000001c268d90000 - 0x000001c268d93000 	C:\Users\amin\.openjfx\cache\19.0.2+1\amd64\api-ms-win-core-string-l1-1-0.dll
0x000001c268da0000 - 0x000001c268da3000 	C:\Users\amin\.openjfx\cache\19.0.2+1\amd64\api-ms-win-core-synch-l1-1-0.dll
0x000001c268db0000 - 0x000001c268db3000 	C:\Users\amin\.openjfx\cache\19.0.2+1\amd64\api-ms-win-core-synch-l1-2-0.dll
0x000001c268dc0000 - 0x000001c268dc3000 	C:\Users\amin\.openjfx\cache\19.0.2+1\amd64\api-ms-win-core-sysinfo-l1-1-0.dll
0x000001c268dd0000 - 0x000001c268dd3000 	C:\Users\amin\.openjfx\cache\19.0.2+1\amd64\api-ms-win-core-timezone-l1-1-0.dll
0x000001c268de0000 - 0x000001c268de3000 	C:\Users\amin\.openjfx\cache\19.0.2+1\amd64\api-ms-win-core-util-l1-1-0.dll
0x000001c268df0000 - 0x000001c268df3000 	C:\Users\amin\.openjfx\cache\19.0.2+1\amd64\api-ms-win-crt-conio-l1-1-0.dll
0x000001c268e00000 - 0x000001c268e04000 	C:\Users\amin\.openjfx\cache\19.0.2+1\amd64\api-ms-win-crt-convert-l1-1-0.dll
0x000001c268e10000 - 0x000001c268e13000 	C:\Users\amin\.openjfx\cache\19.0.2+1\amd64\api-ms-win-crt-environment-l1-1-0.dll
0x000001c268e20000 - 0x000001c268e23000 	C:\Users\amin\.openjfx\cache\19.0.2+1\amd64\api-ms-win-crt-filesystem-l1-1-0.dll
0x000001c268e30000 - 0x000001c268e33000 	C:\Users\amin\.openjfx\cache\19.0.2+1\amd64\api-ms-win-crt-heap-l1-1-0.dll
0x000001c268e40000 - 0x000001c268e43000 	C:\Users\amin\.openjfx\cache\19.0.2+1\amd64\api-ms-win-crt-locale-l1-1-0.dll
0x000001c268e50000 - 0x000001c268e55000 	C:\Users\amin\.openjfx\cache\19.0.2+1\amd64\api-ms-win-crt-math-l1-1-0.dll
0x000001c268e60000 - 0x000001c268e65000 	C:\Users\amin\.openjfx\cache\19.0.2+1\amd64\api-ms-win-crt-multibyte-l1-1-0.dll
0x000001c268e70000 - 0x000001c268e80000 	C:\Users\amin\.openjfx\cache\19.0.2+1\amd64\api-ms-win-crt-private-l1-1-0.dll
0x000001c268e80000 - 0x000001c268e83000 	C:\Users\amin\.openjfx\cache\19.0.2+1\amd64\api-ms-win-crt-process-l1-1-0.dll
0x000001c268e90000 - 0x000001c268e94000 	C:\Users\amin\.openjfx\cache\19.0.2+1\amd64\api-ms-win-crt-runtime-l1-1-0.dll
0x000001c268ea0000 - 0x000001c268ea4000 	C:\Users\amin\.openjfx\cache\19.0.2+1\amd64\api-ms-win-crt-stdio-l1-1-0.dll
0x000001c268eb0000 - 0x000001c268eb4000 	C:\Users\amin\.openjfx\cache\19.0.2+1\amd64\api-ms-win-crt-string-l1-1-0.dll
0x000001c268ec0000 - 0x000001c268ec3000 	C:\Users\amin\.openjfx\cache\19.0.2+1\amd64\api-ms-win-crt-time-l1-1-0.dll
0x000001c268ed0000 - 0x000001c268ed3000 	C:\Users\amin\.openjfx\cache\19.0.2+1\amd64\api-ms-win-crt-utility-l1-1-0.dll
0x00007fff1bc10000 - 0x00007fff1bd0c000 	C:\Users\amin\.openjfx\cache\19.0.2+1\amd64\ucrtbase.dll
0x00007fff3a700000 - 0x00007fff3a71b000 	C:\Users\amin\.openjfx\cache\19.0.2+1\amd64\vcruntime140.dll
0x00007fff3a6f0000 - 0x00007fff3a6fc000 	C:\Users\amin\.openjfx\cache\19.0.2+1\amd64\vcruntime140_1.dll
0x00007ffee7830000 - 0x00007ffee78be000 	C:\Users\amin\.openjfx\cache\19.0.2+1\amd64\msvcp140.dll
0x00007fff360b0000 - 0x00007fff360b9000 	C:\Users\amin\.openjfx\cache\19.0.2+1\amd64\msvcp140_1.dll
0x00007fff1d0a0000 - 0x00007fff1d0d0000 	C:\Users\amin\.openjfx\cache\19.0.2+1\amd64\msvcp140_2.dll
0x00007fff1c5a0000 - 0x00007fff1c5cc000 	C:\Users\amin\.openjfx\cache\19.0.2+1\amd64\prism_d3d.dll
0x00007fff37320000 - 0x00007fff374c8000 	C:\Windows\system32\d3d9.dll
0x00007fff66ab0000 - 0x00007fff66adb000 	C:\Windows\SYSTEM32\dwmapi.dll
0x00007fff66b20000 - 0x00007fff66b57000 	C:\Windows\SYSTEM32\dxcore.dll
0x00007fff66820000 - 0x00007fff668d1000 	C:\Windows\system32\uxtheme.dll
0x00007fff527a0000 - 0x00007fff5285e000 	C:\WINDOWS\System32\DriverStore\FileRepository\nvami.inf_amd64_d36b3e14914fc88f\nvldumdx.dll
0x00007fff69550000 - 0x00007fff69562000 	C:\Windows\SYSTEM32\msasn1.dll
0x00007fff61dc0000 - 0x00007fff61df2000 	C:\Windows\SYSTEM32\cryptnet.dll
0x00007fff6a0a0000 - 0x00007fff6a206000 	C:\Windows\System32\CRYPT32.dll
0x00007fff61c50000 - 0x00007fff61db2000 	C:\Windows\SYSTEM32\drvstore.dll
0x00007fff695c0000 - 0x00007fff695ec000 	C:\Windows\SYSTEM32\devobj.dll
0x00007fff69570000 - 0x00007fff695be000 	C:\Windows\SYSTEM32\cfgmgr32.dll
0x00007fff69160000 - 0x00007fff691ac000 	C:\Windows\SYSTEM32\wldp.dll
0x00007fff690d0000 - 0x00007fff690dc000 	C:\Windows\SYSTEM32\cryptbase.dll
0x00007fff69ed0000 - 0x00007fff69f42000 	C:\Windows\System32\WINTRUST.DLL
0x00007fff6af40000 - 0x00007fff6af5f000 	C:\Windows\System32\imagehlp.dll
0x00007fff690b0000 - 0x00007fff690cb000 	C:\Windows\SYSTEM32\CRYPTSP.dll
0x00007fff68900000 - 0x00007fff68935000 	C:\Windows\system32\rsaenh.dll
0x00007ffefe750000 - 0x00007fff00d5f000 	C:\WINDOWS\System32\DriverStore\FileRepository\nvami.inf_amd64_d36b3e14914fc88f\nvd3dumx.dll
0x00007fff5c010000 - 0x00007fff5c059000 	C:\Windows\SYSTEM32\directxdatabasehelper.dll
0x00007ffed7cc0000 - 0x00007ffed7e25000 	C:\WINDOWS\System32\DriverStore\FileRepository\iigd_dch.inf_amd64_034e16382545a6a5\igdumdim64.dll
0x00007fff6b480000 - 0x00007fff6b625000 	C:\Windows\System32\ole32.dll
0x00007ffed4090000 - 0x00007ffed7cb1000 	C:\WINDOWS\System32\DriverStore\FileRepository\iigd_dch.inf_amd64_034e16382545a6a5\igd9dxva64.dll
0x00007fff6b650000 - 0x00007fff6bac4000 	C:\Windows\System32\SETUPAPI.dll
0x00007fff46650000 - 0x00007fff46a1d000 	C:\WINDOWS\System32\DriverStore\FileRepository\iigd_dch.inf_amd64_034e16382545a6a5\igdgmm64.dll
0x00007fff1bbc0000 - 0x00007fff1bc02000 	C:\Users\amin\.openjfx\cache\19.0.2+1\amd64\glass.dll
0x00007fff6a5a0000 - 0x00007fff6a6a0000 	C:\Windows\System32\COMDLG32.dll
0x00007fff6c440000 - 0x00007fff6c5a1000 	C:\Windows\System32\MSCTF.dll
0x00007fff093f0000 - 0x00007fff096c0000 	C:\Windows\system32\nvspcap64.dll
0x00007fff68ac0000 - 0x00007fff68af4000 	C:\Windows\SYSTEM32\ntmarta.dll
0x00007fff68ed0000 - 0x00007fff68ef6000 	C:\Windows\SYSTEM32\gpapi.dll
0x00007fff26f90000 - 0x00007fff26fa4000 	C:\Users\amin\.openjfx\cache\19.0.2+1\amd64\javafx_font.dll
0x00007fff62870000 - 0x00007fff62ae3000 	C:\Windows\SYSTEM32\dwrite.dll

dbghelp: loaded successfully - version: 4.0.5 - missing functions: none
symbol engine: initialized successfully - sym options: 0x614 - pdb path: .;C:\Program Files\Java\jdk-19\bin;C:\Windows\SYSTEM32;C:\Windows\WinSxS\amd64_microsoft.windows.common-controls_6595b64144ccf1df_6.0.22621.4541_none_2710d1c57384c085;C:\Program Files\Java\jdk-19\bin\server;C:\Program Files\JetBrains\IntelliJ IDEA 2023.1.3\bin;C:\Users\amin\.openjfx\cache\19.0.2+1\amd64;C:\WINDOWS\System32\DriverStore\FileRepository\nvami.inf_amd64_d36b3e14914fc88f;C:\WINDOWS\System32\DriverStore\FileRepository\iigd_dch.inf_amd64_034e16382545a6a5;C:\Program Files\Common Files\Microsoft Shared\Ink

VM Arguments:
jvm_args: -javaagent:C:\Program Files\JetBrains\IntelliJ IDEA 2023.1.3\lib\idea_rt.jar=58455:C:\Program Files\JetBrains\IntelliJ IDEA 2023.1.3\bin -Dfile.encoding=UTF-8 -Dsun.stdout.encoding=UTF-8 -Dsun.stderr.encoding=UTF-8 --module-path=C:\Users\amin\.m2\repository\org\openjfx\javafx-base\19.0.2\javafx-base-19.0.2-win.jar;D:\Projects\dicom-albums-manager\Dicom-Albums-manager\target\classes;C:\Users\amin\.m2\repository\org\dcm4che\dcm4che-core\5.23.3\dcm4che-core-5.23.3.jar;C:\Users\amin\.m2\repository\org\openjfx\javafx-graphics\19.0.2\javafx-graphics-19.0.2-win.jar;C:\Users\amin\.m2\repository\org\openjfx\javafx-controls\19.0.2\javafx-controls-19.0.2-win.jar;C:\Users\amin\.m2\repository\org\json\json\20250107\json-20250107.jar;C:\Users\amin\.m2\repository\org\openjfx\javafx-fxml\19.0.2\javafx-fxml-19.0.2-win.jar -Djdk.module.main=com.chabiamin.dicomalbumsmanager 
java_command: com.chabiamin.dicomalbumsmanager/com.chabiamin.dicomalbumsmanager.HelloApplication
java_class_path (initial): C:\Users\amin\.m2\repository\org\openjfx\javafx-controls\19.0.2\javafx-controls-19.0.2.jar;C:\Users\amin\.m2\repository\org\openjfx\javafx-graphics\19.0.2\javafx-graphics-19.0.2.jar;C:\Users\amin\.m2\repository\org\openjfx\javafx-base\19.0.2\javafx-base-19.0.2.jar;C:\Users\amin\.m2\repository\org\openjfx\javafx-fxml\19.0.2\javafx-fxml-19.0.2.jar;C:\Users\amin\.m2\repository\org\dcm4che\dcm4che-dict\5.23.3\dcm4che-dict-5.23.3.jar;C:\Users\amin\.m2\repository\org\slf4j\slf4j-api\1.7.30\slf4j-api-1.7.30.jar;C:\Users\amin\.m2\repository\org\slf4j\slf4j-log4j12\1.7.30\slf4j-log4j12-1.7.30.jar;C:\Users\amin\.m2\repository\log4j\log4j\1.2.17\log4j-1.2.17.jar
Launcher Type: SUN_STANDARD

[Global flags]
     intx CICompilerCount                          = 4                                         {product} {ergonomic}
     uint ConcGCThreads                            = 2                                         {product} {ergonomic}
     uint G1ConcRefinementThreads                  = 8                                         {product} {ergonomic}
   size_t G1HeapRegionSize                         = 2097152                                   {product} {ergonomic}
    uintx GCDrainStackTargetSize                   = 64                                        {product} {ergonomic}
   size_t InitialHeapSize                          = 266338304                                 {product} {ergonomic}
   size_t MarkStackSize                            = 4194304                                   {product} {ergonomic}
   size_t MaxHeapSize                              = 4253024256                                {product} {ergonomic}
   size_t MaxNewSize                               = 2550136832                                {product} {ergonomic}
   size_t MinHeapDeltaBytes                        = 2097152                                   {product} {ergonomic}
   size_t MinHeapSize                              = 8388608                                   {product} {ergonomic}
    uintx NonNMethodCodeHeapSize                   = 5839372                                {pd product} {ergonomic}
    uintx NonProfiledCodeHeapSize                  = 122909434                              {pd product} {ergonomic}
    uintx ProfiledCodeHeapSize                     = 122909434                              {pd product} {ergonomic}
    uintx ReservedCodeCacheSize                    = 251658240                              {pd product} {ergonomic}
     bool SegmentedCodeCache                       = true                                      {product} {ergonomic}
   size_t SoftMaxHeapSize                          = 4253024256                             {manageable} {ergonomic}
     bool UseCompressedClassPointers               = true                           {product lp64_product} {ergonomic}
     bool UseCompressedOops                        = true                           {product lp64_product} {ergonomic}
     bool UseG1GC                                  = true                                      {product} {ergonomic}
     bool UseLargePagesIndividualAllocation        = false                                  {pd product} {ergonomic}

Logging:
Log output configuration:
 #0: stdout all=warning uptime,level,tags foldmultilines=false
 #1: stderr all=off uptime,level,tags foldmultilines=false

Environment Variables:
JAVA_HOME=C:\Program Files\Microsoft\jdk-17.0.11.9-hotspot
PATH=C:\Program Files\Microsoft\jdk-17.0.11.9-hotspot\bin;C:\Program Files\Common Files\Oracle\Java\javapath;C:\Program Files (x86)\Common Files\Oracle\Java\javapath;C:\Windows\system32;C:\Windows;C:\Windows\System32\Wbem;C:\Windows\System32\WindowsPowerShell\v1.0\;C:\Windows\System32\OpenSSH\;C:\Program Files (x86)\NVIDIA Corporation\PhysX\Common;C:\Program Files\NVIDIA Corporation\NVIDIA NvDLISR;C:\Program Files\Microsoft VS Code\bin;C:\Program Files\PuTTY\;C:\Program Files\dotnet\;C:\Program Files (x86)\eSpeak\command_line;C:\Program Files\Git\cmd;C:\Windows\system32;C:\Windows;C:\Windows\System32\Wbem;C:\Windows\System32\WindowsPowerShell\v1.0\;C:\Windows\System32\OpenSSH\;C:\Program Files\apache-maven-3.9.4\bin;C:\Program Files\Java\jdk-19\bin;C:\Program Files\CodeBlocks\MinGW\bin;C:\GnuWin32\bin;C:\Program Files\PostgreSQL\16\bin;;C:\Program Files\swipl\bin;C:\ProgramData\chocolatey\bin;C:\Program Files\nodejs\;C:\Program Files\Docker\Docker\resources\bin;C:\Users\amin\anaconda3;C:\Users\amin\anaconda3\Library\mingw-w64\bin;C:\Users\amin\anaconda3\Library\usr\bin;C:\Users\amin\anaconda3\Library\bin;C:\Users\amin\anaconda3\Scripts;C:\Users\amin\AppData\Local\Microsoft\WindowsApps;C:\Users\amin\AppData\Local\GitHubDesktop\bin;C:\Users\amin\AppData\Local\gitkraken\bin;C:\Program Files\JetBrains\IntelliJ IDEA 2023.1.3\bin;;C:\Users\amin\AppData\Local\Microsoft\WindowsApps;C:\Program Files\apache-maven-3.9.4\bin;C:\Program Files\Java\jdk-19\bin;C:\Users\amin\AppData\Roaming\npm;C:\Users\amin\AppData\Roaming\Programs\Zero Install;C:\Program Files\JetBrains\WebStorm 2024.3.1.1\bin;
USERNAME=amin
OS=Windows_NT
PROCESSOR_IDENTIFIER=Intel64 Family 6 Model 165 Stepping 2, GenuineIntel
TMP=C:\Users\amin\AppData\Local\Temp
TEMP=C:\Users\amin\AppData\Local\Temp



---------------  S Y S T E M  ---------------

OS:
 Windows 11 , 64 bit Build 22621 (10.0.22621.4391)
OS uptime: 0 days 7:07 hours
Hyper-V role detected

CPU: total 8 (initial active 8) (4 cores per cpu, 2 threads per core) family 6 model 165 stepping 2 microcode 0xe0, cx8, cmov, fxsr, ht, mmx, 3dnowpref, sse, sse2, sse3, ssse3, sse4.1, sse4.2, popcnt, lzcnt, tsc, tscinvbit, avx, avx2, aes, erms, clmul, bmi1, bmi2, adx, fma, vzeroupper, clflush, clflushopt, hv, rdtscp

Memory: 4k page, system-wide physical 16220M (1850M free)
TotalPageFile size 24580M (AvailPageFile size 1M)
current process WorkingSet (physical memory assigned to process): 152M, peak: 152M
current process commit charge ("private bytes"): 420M, peak: 420M

vm_info: Java HotSpot(TM) 64-Bit Server VM (19.0.2+7-44) for windows-amd64 JRE (19.0.2+7-44), built on 2022-11-30T18:02:09Z by "mach5one" with MS VC++ 17.1 (VS2022)

END.
